2023-10-05T19:41:32.189+02:00  WARN 64596 --- [HikariPool-1 housekeeper] com.zaxxer.hikari.pool.HikariPool        : HikariPool-1 - Thread starvation or clock leap detected (housekeeper delta=22h3m21s869ms890µs700ns).
2023-10-05T20:01:36.072+02:00  INFO 64596 --- [SpringApplicationShutdownHook] j.LocalContainerEntityManagerFactoryBean : Closing JPA EntityManagerFactory for persistence unit 'default'
2023-10-05T20:01:36.075+02:00  INFO 64596 --- [SpringApplicationShutdownHook] com.zaxxer.hikari.HikariDataSource       : HikariPool-1 - Shutdown initiated...
2023-10-05T20:01:36.080+02:00  INFO 64596 --- [SpringApplicationShutdownHook] com.zaxxer.hikari.HikariDataSource       : HikariPool-1 - Shutdown completed.
2023-10-05T20:01:43.767+02:00  INFO 49496 --- [restartedMain] com.Projekt.quizzbackend.QuizzBackend    : Starting QuizzBackend using Java 20.0.2 with PID 49496 (G:\Users\tobia\IntelliJ\Projekt\target\classes started by tobia in G:\Users\tobia\IntelliJ\Projekt)
2023-10-05T20:01:43.769+02:00  INFO 49496 --- [restartedMain] com.Projekt.quizzbackend.QuizzBackend    : No active profile set, falling back to 1 default profile: "default"
2023-10-05T20:01:43.808+02:00  INFO 49496 --- [restartedMain] .e.DevToolsPropertyDefaultsPostProcessor : Devtools property defaults active! Set 'spring.devtools.add-properties' to 'false' to disable
2023-10-05T20:01:43.808+02:00  INFO 49496 --- [restartedMain] .e.DevToolsPropertyDefaultsPostProcessor : For additional web related logging consider setting the 'logging.level.web' property to 'DEBUG'
2023-10-05T20:01:44.627+02:00  INFO 49496 --- [restartedMain] .s.d.r.c.RepositoryConfigurationDelegate : Bootstrapping Spring Data JPA repositories in DEFAULT mode.
2023-10-05T20:01:44.688+02:00  INFO 49496 --- [restartedMain] .s.d.r.c.RepositoryConfigurationDelegate : Finished Spring Data repository scanning in 54 ms. Found 3 JPA repository interfaces.
2023-10-05T20:01:45.223+02:00  INFO 49496 --- [restartedMain] o.s.b.w.embedded.tomcat.TomcatWebServer  : Tomcat initialized with port(s): 8080 (http)
2023-10-05T20:01:45.229+02:00  INFO 49496 --- [restartedMain] o.apache.catalina.core.StandardService   : Starting service [Tomcat]
2023-10-05T20:01:45.230+02:00  INFO 49496 --- [restartedMain] o.apache.catalina.core.StandardEngine    : Starting Servlet engine: [Apache Tomcat/10.1.12]
2023-10-05T20:01:45.278+02:00  INFO 49496 --- [restartedMain] o.a.c.c.C.[Tomcat].[localhost].[/]       : Initializing Spring embedded WebApplicationContext
2023-10-05T20:01:45.278+02:00  INFO 49496 --- [restartedMain] w.s.c.ServletWebServerApplicationContext : Root WebApplicationContext: initialization completed in 1469 ms
2023-10-05T20:01:45.500+02:00  INFO 49496 --- [restartedMain] o.hibernate.jpa.internal.util.LogHelper  : HHH000204: Processing PersistenceUnitInfo [name: default]
2023-10-05T20:01:45.543+02:00  INFO 49496 --- [restartedMain] org.hibernate.Version                    : HHH000412: Hibernate ORM core version 6.2.7.Final
2023-10-05T20:01:45.546+02:00  INFO 49496 --- [restartedMain] org.hibernate.cfg.Environment            : HHH000406: Using bytecode reflection optimizer
2023-10-05T20:01:45.670+02:00  INFO 49496 --- [restartedMain] o.h.b.i.BytecodeProviderInitiator        : HHH000021: Bytecode provider name : bytebuddy
2023-10-05T20:01:45.789+02:00  INFO 49496 --- [restartedMain] o.s.o.j.p.SpringPersistenceUnitInfo      : No LoadTimeWeaver setup: ignoring JPA class transformer
2023-10-05T20:01:45.806+02:00  INFO 49496 --- [restartedMain] com.zaxxer.hikari.HikariDataSource       : HikariPool-1 - Starting...
2023-10-05T20:01:46.115+02:00  INFO 49496 --- [restartedMain] com.zaxxer.hikari.pool.HikariPool        : HikariPool-1 - Added connection com.mysql.cj.jdbc.ConnectionImpl@14e5eced
2023-10-05T20:01:46.117+02:00  INFO 49496 --- [restartedMain] com.zaxxer.hikari.HikariDataSource       : HikariPool-1 - Start completed.
2023-10-05T20:01:46.414+02:00  INFO 49496 --- [restartedMain] o.h.b.i.BytecodeProviderInitiator        : HHH000021: Bytecode provider name : bytebuddy
2023-10-05T20:01:47.059+02:00  INFO 49496 --- [restartedMain] o.h.e.t.j.p.i.JtaPlatformInitiator       : HHH000490: Using JtaPlatform implementation: [org.hibernate.engine.transaction.jta.platform.internal.NoJtaPlatform]
2023-10-05T20:01:47.062+02:00  INFO 49496 --- [restartedMain] j.LocalContainerEntityManagerFactoryBean : Initialized JPA EntityManagerFactory for persistence unit 'default'
2023-10-05T20:01:47.392+02:00  WARN 49496 --- [restartedMain] JpaBaseConfiguration$JpaWebConfiguration : spring.jpa.open-in-view is enabled by default. Therefore, database queries may be performed during view rendering. Explicitly configure spring.jpa.open-in-view to disable this warning
2023-10-05T20:01:47.851+02:00  INFO 49496 --- [restartedMain] o.s.b.d.a.OptionalLiveReloadServer       : LiveReload server is running on port 35729
2023-10-05T20:01:47.857+02:00  INFO 49496 --- [restartedMain] o.s.b.a.e.web.EndpointLinksResolver      : Exposing 1 endpoint(s) beneath base path '/actuator'
2023-10-05T20:01:47.924+02:00  INFO 49496 --- [restartedMain] o.s.b.w.embedded.tomcat.TomcatWebServer  : Tomcat started on port(s): 8080 (http) with context path ''
2023-10-05T20:01:47.937+02:00  INFO 49496 --- [restartedMain] com.Projekt.quizzbackend.QuizzBackend    : Started QuizzBackend in 4.48 seconds (process running for 5.614)
2023-10-05T20:01:48.076+02:00  INFO 49496 --- [RMI TCP Connection(3)-172.21.240.1] o.a.c.c.C.[Tomcat].[localhost].[/]       : Initializing Spring DispatcherServlet 'dispatcherServlet'
2023-10-05T20:01:48.077+02:00  INFO 49496 --- [RMI TCP Connection(3)-172.21.240.1] o.s.web.servlet.DispatcherServlet        : Initializing Servlet 'dispatcherServlet'
2023-10-05T20:01:48.078+02:00  INFO 49496 --- [RMI TCP Connection(3)-172.21.240.1] o.s.web.servlet.DispatcherServlet        : Completed initialization in 1 ms
2023-10-05T20:09:01.303+02:00  INFO 49496 --- [SpringApplicationShutdownHook] j.LocalContainerEntityManagerFactoryBean : Closing JPA EntityManagerFactory for persistence unit 'default'
2023-10-05T20:09:01.307+02:00  INFO 49496 --- [SpringApplicationShutdownHook] com.zaxxer.hikari.HikariDataSource       : HikariPool-1 - Shutdown initiated...
2023-10-05T20:09:01.315+02:00  INFO 49496 --- [SpringApplicationShutdownHook] com.zaxxer.hikari.HikariDataSource       : HikariPool-1 - Shutdown completed.
2023-10-05T20:09:05.034+02:00  INFO 64120 --- [restartedMain] com.Projekt.quizzbackend.QuizzBackend    : Starting QuizzBackend using Java 20.0.2 with PID 64120 (G:\Users\tobia\IntelliJ\Projekt\target\classes started by tobia in G:\Users\tobia\IntelliJ\Projekt)
2023-10-05T20:09:05.036+02:00  INFO 64120 --- [restartedMain] com.Projekt.quizzbackend.QuizzBackend    : No active profile set, falling back to 1 default profile: "default"
2023-10-05T20:09:05.087+02:00  INFO 64120 --- [restartedMain] .e.DevToolsPropertyDefaultsPostProcessor : Devtools property defaults active! Set 'spring.devtools.add-properties' to 'false' to disable
2023-10-05T20:09:05.088+02:00  INFO 64120 --- [restartedMain] .e.DevToolsPropertyDefaultsPostProcessor : For additional web related logging consider setting the 'logging.level.web' property to 'DEBUG'
2023-10-05T20:09:05.870+02:00  INFO 64120 --- [restartedMain] .s.d.r.c.RepositoryConfigurationDelegate : Bootstrapping Spring Data JPA repositories in DEFAULT mode.
2023-10-05T20:09:05.918+02:00  INFO 64120 --- [restartedMain] .s.d.r.c.RepositoryConfigurationDelegate : Finished Spring Data repository scanning in 42 ms. Found 3 JPA repository interfaces.
2023-10-05T20:09:06.437+02:00  INFO 64120 --- [restartedMain] o.s.b.w.embedded.tomcat.TomcatWebServer  : Tomcat initialized with port(s): 8080 (http)
2023-10-05T20:09:06.447+02:00  INFO 64120 --- [restartedMain] o.apache.catalina.core.StandardService   : Starting service [Tomcat]
2023-10-05T20:09:06.447+02:00  INFO 64120 --- [restartedMain] o.apache.catalina.core.StandardEngine    : Starting Servlet engine: [Apache Tomcat/10.1.12]
2023-10-05T20:09:06.497+02:00  INFO 64120 --- [restartedMain] o.a.c.c.C.[Tomcat].[localhost].[/]       : Initializing Spring embedded WebApplicationContext
2023-10-05T20:09:06.498+02:00  INFO 64120 --- [restartedMain] w.s.c.ServletWebServerApplicationContext : Root WebApplicationContext: initialization completed in 1409 ms
2023-10-05T20:09:06.710+02:00  INFO 64120 --- [restartedMain] o.hibernate.jpa.internal.util.LogHelper  : HHH000204: Processing PersistenceUnitInfo [name: default]
2023-10-05T20:09:06.758+02:00  INFO 64120 --- [restartedMain] org.hibernate.Version                    : HHH000412: Hibernate ORM core version 6.2.7.Final
2023-10-05T20:09:06.759+02:00  INFO 64120 --- [restartedMain] org.hibernate.cfg.Environment            : HHH000406: Using bytecode reflection optimizer
2023-10-05T20:09:06.885+02:00  INFO 64120 --- [restartedMain] o.h.b.i.BytecodeProviderInitiator        : HHH000021: Bytecode provider name : bytebuddy
2023-10-05T20:09:07.011+02:00  INFO 64120 --- [restartedMain] o.s.o.j.p.SpringPersistenceUnitInfo      : No LoadTimeWeaver setup: ignoring JPA class transformer
2023-10-05T20:09:07.024+02:00  INFO 64120 --- [restartedMain] com.zaxxer.hikari.HikariDataSource       : HikariPool-1 - Starting...
2023-10-05T20:09:07.325+02:00  INFO 64120 --- [restartedMain] com.zaxxer.hikari.pool.HikariPool        : HikariPool-1 - Added connection com.mysql.cj.jdbc.ConnectionImpl@4d880a94
2023-10-05T20:09:07.326+02:00  INFO 64120 --- [restartedMain] com.zaxxer.hikari.HikariDataSource       : HikariPool-1 - Start completed.
2023-10-05T20:09:07.619+02:00  INFO 64120 --- [restartedMain] o.h.b.i.BytecodeProviderInitiator        : HHH000021: Bytecode provider name : bytebuddy
2023-10-05T20:09:08.346+02:00  INFO 64120 --- [restartedMain] o.h.e.t.j.p.i.JtaPlatformInitiator       : HHH000490: Using JtaPlatform implementation: [org.hibernate.engine.transaction.jta.platform.internal.NoJtaPlatform]
2023-10-05T20:09:08.349+02:00  INFO 64120 --- [restartedMain] j.LocalContainerEntityManagerFactoryBean : Initialized JPA EntityManagerFactory for persistence unit 'default'
2023-10-05T20:09:08.686+02:00  WARN 64120 --- [restartedMain] JpaBaseConfiguration$JpaWebConfiguration : spring.jpa.open-in-view is enabled by default. Therefore, database queries may be performed during view rendering. Explicitly configure spring.jpa.open-in-view to disable this warning
2023-10-05T20:09:09.094+02:00  INFO 64120 --- [restartedMain] o.s.b.d.a.OptionalLiveReloadServer       : LiveReload server is running on port 35729
2023-10-05T20:09:09.100+02:00  INFO 64120 --- [restartedMain] o.s.b.a.e.web.EndpointLinksResolver      : Exposing 1 endpoint(s) beneath base path '/actuator'
2023-10-05T20:09:09.160+02:00  INFO 64120 --- [restartedMain] o.s.b.w.embedded.tomcat.TomcatWebServer  : Tomcat started on port(s): 8080 (http) with context path ''
2023-10-05T20:09:09.173+02:00  INFO 64120 --- [restartedMain] com.Projekt.quizzbackend.QuizzBackend    : Started QuizzBackend in 4.546 seconds (process running for 5.241)
2023-10-05T20:09:09.746+02:00  INFO 64120 --- [RMI TCP Connection(3)-172.21.240.1] o.a.c.c.C.[Tomcat].[localhost].[/]       : Initializing Spring DispatcherServlet 'dispatcherServlet'
2023-10-05T20:09:09.746+02:00  INFO 64120 --- [RMI TCP Connection(3)-172.21.240.1] o.s.web.servlet.DispatcherServlet        : Initializing Servlet 'dispatcherServlet'
2023-10-05T20:09:09.747+02:00  INFO 64120 --- [RMI TCP Connection(3)-172.21.240.1] o.s.web.servlet.DispatcherServlet        : Completed initialization in 1 ms
